{
  "stats": {
    "suites": 2,
    "tests": 1,
    "passes": 0,
    "pending": 0,
    "failures": 1,
    "start": "2024-03-19T01:40:18.348Z",
    "end": "2024-03-19T01:42:59.631Z",
    "duration": 161283,
    "testsRegistered": 1,
    "passPercent": 0,
    "pendingPercent": 0,
    "other": 0,
    "hasOther": false,
    "skipped": 0,
    "hasSkipped": false
  },
  "results": [
    {
      "uuid": "b49d971a-ec34-4845-b8fa-07f56ffd825b",
      "title": "",
      "fullFile": "cypress\\e2e\\SMCMS-E2E-Testing\\E2E.cy.js",
      "file": "cypress\\e2e\\SMCMS-E2E-Testing\\E2E.cy.js",
      "beforeHooks": [],
      "afterHooks": [],
      "tests": [],
      "suites": [
        {
          "uuid": "8f5e0e11-f4bd-4573-bcd8-ea0b33d8ada2",
          "title": "E2E Auto Testing:FS-014 Membership: Master Registration and Renewal",
          "fullFile": "",
          "file": "",
          "beforeHooks": [],
          "afterHooks": [],
          "tests": [],
          "suites": [
            {
              "uuid": "8b2361a4-8bbb-4776-b075-8c101337c625",
              "title": "[TS06] Life Membership Management",
              "fullFile": "",
              "file": "",
              "beforeHooks": [],
              "afterHooks": [],
              "tests": [
                {
                  "title": "[TC01] First Membership Creation and Principal Registration",
                  "fullTitle": "E2E Auto Testing:FS-014 Membership: Master Registration and Renewal [TS06] Life Membership Management [TC01] First Membership Creation and Principal Registration",
                  "timedOut": null,
                  "duration": 161081,
                  "state": "failed",
                  "speed": null,
                  "pass": false,
                  "fail": true,
                  "pending": false,
                  "context": "{\n  \"title\": \"cypress-mochawesome-reporter-screenshots\",\n  \"value\": [\n    [\n      {\n        \"title\": \"Failed screenshot\",\n        \"value\": \"\\\\E2E.cy.js\\\\E2E Auto TestingFS-014 Membership Master Registration and Renewal -- [TS06] Life Membership Management -- [TC01] First Membership Creation and Principal Registration (failed).png\"\n      }\n    ]\n  ]\n}",
                  "code": "const CustomerNRIC = CustomerNRICFull.substr(CustomerNRICFull.length - 4);\n//Enable SFS\n// cy.visit('/membership/moduleSettings')\n// cy.wait(8000)\n// MemModuleSettings.SFSActivate('CHECK')\n// cy.wait(5000)\n/////////////////////////////CUSTOMER CREATION////////////////////////////////////////\ncy.visit('/membership/customerCheckin');\ncy.wait(5000);\ncy.Click(_CustomerCheckInPage.default.RBTN_NRIC);\ncy.EnterDateCheckin(_CustomerCheckInPage.default.DATE_DATEOFBIRTH, _CustomerCreationData.default.CustomerCreationPrincipal.RegistrationInformation.DOB);\ncy.EnterText(_CustomerCheckInPage.default.TXT_LAST4DIGITSNRIC, CustomerNRIC);\ncy.Click(_CustomerCheckInPage.default.BTN_CHECKIN);\ncy.wait(2000);\ncy.Click(_CustomerCheckInPage.default.BTN_CREATNEW);\nCustomerCreation.fillOutRegistrationInfo({\n  name: PrincipalName,\n  // DOB: Customerdata.CustomerCreationPrincipal.RegistrationInformation.DOB,\n  gender: _CustomerCreationData.default.CustomerCreationPrincipal.RegistrationInformation.gender\n  /* profilePicture: \"DP.png\" */\n});\nCustomerCreation.fillOutAddressInformation({\n  postalCode: _CustomerCreationData.default.CustomerCreationPrincipal.AddressInformation.postalCode,\n  address: _CustomerCreationData.default.CustomerCreationPrincipal.AddressInformation.address,\n  unitNumber: _CustomerCreationData.default.CustomerCreationPrincipal.AddressInformation.unitNumber,\n  POBOx: _CustomerCreationData.default.CustomerCreationPrincipal.AddressInformation.POBOx,\n  myMailbox: _CustomerCreationData.default.CustomerCreationPrincipal.AddressInformation.myMailbox\n});\nCustomerCreation.fillOutContactInformation({\n  handPhone: '83230126',\n  emailAddress: PrincipalEmail,\n  emergencyContact: _CustomerCreationData.default.CustomerCreationPrincipal.ContactInformation.emergencyContact,\n  homeNumber: _CustomerCreationData.default.CustomerCreationPrincipal.ContactInformation.homeNumber,\n  // Preferred Contact Mode\n  preferredContactModeSelectAll: _CustomerCreationData.default.CustomerCreationPrincipal.ContactInformation.preferredContactModeSelectAll,\n  preferredContactModeEmail: _CustomerCreationData.default.CustomerCreationPrincipal.ContactInformation.preferredContactModeEmail,\n  preferredContactModeMail: _CustomerCreationData.default.CustomerCreationPrincipal.ContactInformation.preferredContactModeMail,\n  preferredContactModeSMS: _CustomerCreationData.default.CustomerCreationPrincipal.ContactInformation.preferredContactModeSMS,\n  preferredContactModeVoiceCall: _CustomerCreationData.default.CustomerCreationPrincipal.ContactInformation.preferredContactModeVoiceCall,\n  preferredContactModePushNotification: _CustomerCreationData.default.CustomerCreationPrincipal.ContactInformation.preferredContactModePushNotification,\n  //Consent Information\n  consentInformationMarketing: _CustomerCreationData.default.CustomerCreationPrincipal.ContactInformation.consentInformationMarketing,\n  consentInformationServiceNotification: _CustomerCreationData.default.CustomerCreationPrincipal.ContactInformation.consentInformationServiceNotification,\n  consentInformationTransactional: _CustomerCreationData.default.CustomerCreationPrincipal.ContactInformation.consentInformationTransactional\n});\nCustomerCreation.save();\ncy.wait(15000);\n///////////////////////////////PRINCIPAL REGISTRATION////////////////////////////////////////\ncy.Click(_Customer_LandingPage.default.SAFRA_Member);\ncy.Click(_Customer_LandingPage.default.Membership_Registration);\ncy.wait(15000);\nMemRegPrincipal.verifyPersonalInformation({\n  MemberCategory: _data.default.memberregistrationprincipal.Personal_Info.MemberCategory,\n  NameOnNRIC: PrincipalName,\n  NameOnCard: PrincipalName,\n  Nric: CustomerNRICFull,\n  Gender: _data.default.memberregistrationprincipal.Personal_Info.Gender,\n  DateofBirth: _data.default.memberregistrationprincipal.Personal_Info.DateofBirth,\n  Age: _data.default.memberregistrationprincipal.Personal_Info.Age,\n  NSStatus: 'SAF NSMan',\n  NSRank: 'Officer',\n  MemberType: 'OD',\n  Nationality: _data.default.memberregistrationprincipal.Personal_Info.Nationality,\n  MaritalStatus: _data.default.memberregistrationprincipal.Personal_Info.MaritalStatus,\n  CardType: _data.default.memberregistrationprincipal.Personal_Info.CardType,\n  InterestinDBSCard: _data.default.memberregistrationprincipal.Personal_Info.InterestinDBSCard\n  // ProfilePicture: data.memberregistrationprincipal.Personal_Info.ProfilePicture\n});\n_LifeMebership.default.ClickLifeMembershipCheckBox();\nMemRegPrincipal.SaveAndNextPrincipal();\ncy.wait(15000);\n///////////////////////////////////TENURE SELECTION////////////////////////////////////////////////////////////\n// Membership Tenure Selection\nMemTenureSelect.principalTenureSelection(PrincipalName, '5 Years');\n//Click on Submit button\n_LifeMebership.default.Submit();\n// Approval workflow\n_LifeMebership.default.ApprovalWorkFlow('M-MER', 'Membership Exception Approval Workflow', 'Approve', 'Testing Remark');\n//Wait and click Shopping Cart button\ncy.wait(8000);\n_LifeMebership.default.ShoppinCart();\n// Shopping cart and Payments\n_LifeMebership.default.fillOutandApplyPayment('CASH');\n// cy.wait(200000)\n// Verify Member Reason code\n_LifeMebership.default.VerifyMemberReasonCode(PrincipalName, CustomerNRIC, \"LF\");\n//Logout\n// cy.LogoutOfSmcms()",
                  "err": {
                    "message": "AssertionError: Timed out retrying after 4000ms: Expected to find element: `(//div[contains(@class,\"k-appbar-section Header_cart__f0chI\")]//a)[3]`, but never found it.",
                    "estack": "AssertionError: Timed out retrying after 4000ms: Expected to find element: `(//div[contains(@class,\"k-appbar-section Header_cart__f0chI\")]//a)[3]`, but never found it.\n    at LifeMembership.ShoppinCart (webpack:///./cypress/page-objects/SMCMS/PageActions/FS-014-Membership-Master-Registration-Renewal/FS-014-Life Membreship/LifeMebership.js:79:11)\n    at Context.eval (webpack:///./cypress/e2e/Sub-Phase-2/FS-014-Membership-Registration-Renewal/FS-014/E2E-LifeMembership.js:142:27)",
                    "diff": null
                  },
                  "uuid": "40dfe1b6-fa18-43c7-91de-4e2e3597498d",
                  "parentUUID": "8b2361a4-8bbb-4776-b075-8c101337c625",
                  "isHook": false,
                  "skipped": false
                }
              ],
              "suites": [],
              "passes": [],
              "failures": [
                "40dfe1b6-fa18-43c7-91de-4e2e3597498d"
              ],
              "pending": [],
              "skipped": [],
              "duration": 161081,
              "root": false,
              "rootEmpty": false,
              "_timeout": 2000
            }
          ],
          "passes": [],
          "failures": [],
          "pending": [],
          "skipped": [],
          "duration": 0,
          "root": false,
          "rootEmpty": false,
          "_timeout": 2000
        }
      ],
      "passes": [],
      "failures": [],
      "pending": [],
      "skipped": [],
      "duration": 0,
      "root": true,
      "rootEmpty": true,
      "_timeout": 2000
    }
  ],
  "meta": {
    "mocha": {
      "version": "7.0.1"
    },
    "mochawesome": {
      "options": {
        "quiet": false,
        "reportFilename": "mochawesome",
        "saveHtml": true,
        "saveJson": true,
        "consoleReporter": "spec",
        "useInlineDiffs": false,
        "code": true
      },
      "version": "7.1.3"
    },
    "marge": {
      "options": {
        "reportDir": "cypress/reports",
        "charts": true,
        "reportPageTitle": "My Test Suite",
        "embeddedScreenshots": true,
        "html": true,
        "overwrite": true,
        "inlineAssets": true
      },
      "version": "6.2.0"
    }
  }
}